C:\USERS\DAVID\DOCUMENTS\VISUAL STUDIO 2010\PROJECTS\WPFAPPLICATION1\CALCULATE_POINT\CALCULATE_POINT\DEBUG\CALCULATE_POINT.DLL.EMBED.MANIFEST
C:\USERS\DAVID\DOCUMENTS\VISUAL STUDIO 2010\PROJECTS\WPFAPPLICATION1\CALCULATE_POINT\CALCULATE_POINT\DEBUG\CALCULATE_POINT.DLL.EMBED.MANIFEST.RES
C:\USERS\DAVID\DOCUMENTS\VISUAL STUDIO 2010\PROJECTS\WPFAPPLICATION1\CALCULATE_POINT\CALCULATE_POINT\DEBUG\CALCULATE_POINT.DLL.INTERMEDIATE.MANIFEST
C:\Users\David\Documents\Visual Studio 2010\Projects\WpfApplication1\calculate_point\calculate_point\Debug\calculate_point.write.1.tlog
C:\Users\David\Documents\Visual Studio 2010\Projects\WpfApplication1\calculate_point\calculate_point\Debug\calculate_point_manifest.rc
C:\Users\David\Documents\Visual Studio 2010\Projects\WpfApplication1\calculate_point\calculate_point\Debug\cl.command.1.tlog
C:\Users\David\Documents\Visual Studio 2010\Projects\WpfApplication1\calculate_point\calculate_point\Debug\CL.read.1.tlog
C:\Users\David\Documents\Visual Studio 2010\Projects\WpfApplication1\calculate_point\calculate_point\Debug\CL.write.1.tlog
C:\Users\David\Documents\Visual Studio 2010\Projects\WpfApplication1\calculate_point\calculate_point\Debug\link.7208.read.1.tlog
C:\Users\David\Documents\Visual Studio 2010\Projects\WpfApplication1\calculate_point\calculate_point\Debug\link.7208.write.1.tlog
C:\Users\David\Documents\Visual Studio 2010\Projects\WpfApplication1\calculate_point\calculate_point\Debug\link.7208-cvtres.read.1.tlog
C:\Users\David\Documents\Visual Studio 2010\Projects\WpfApplication1\calculate_point\calculate_point\Debug\link.7208-cvtres.write.1.tlog
C:\Users\David\Documents\Visual Studio 2010\Projects\WpfApplication1\calculate_point\calculate_point\Debug\link.command.1.tlog
C:\Users\David\Documents\Visual Studio 2010\Projects\WpfApplication1\calculate_point\calculate_point\Debug\link.read.1.tlog
C:\Users\David\Documents\Visual Studio 2010\Projects\WpfApplication1\calculate_point\calculate_point\Debug\link.write.1.tlog
C:\Users\David\Documents\Visual Studio 2010\Projects\WpfApplication1\calculate_point\calculate_point\Debug\link-cvtres.read.1.tlog
C:\Users\David\Documents\Visual Studio 2010\Projects\WpfApplication1\calculate_point\calculate_point\Debug\link-cvtres.write.1.tlog
C:\USERS\DAVID\DOCUMENTS\VISUAL STUDIO 2010\PROJECTS\WPFAPPLICATION1\CALCULATE_POINT\CALCULATE_POINT\DEBUG\MAIN.OBJ
C:\Users\David\Documents\Visual Studio 2010\Projects\WpfApplication1\calculate_point\calculate_point\Debug\mt.command.1.tlog
C:\Users\David\Documents\Visual Studio 2010\Projects\WpfApplication1\calculate_point\calculate_point\Debug\mt.read.1.tlog
C:\Users\David\Documents\Visual Studio 2010\Projects\WpfApplication1\calculate_point\calculate_point\Debug\mt.write.1.tlog
C:\Users\David\Documents\Visual Studio 2010\Projects\WpfApplication1\calculate_point\calculate_point\Debug\rc.command.1.tlog
C:\Users\David\Documents\Visual Studio 2010\Projects\WpfApplication1\calculate_point\calculate_point\Debug\rc.read.1.tlog
C:\Users\David\Documents\Visual Studio 2010\Projects\WpfApplication1\calculate_point\calculate_point\Debug\rc.write.1.tlog
C:\Users\David\Documents\Visual Studio 2010\Projects\WpfApplication1\calculate_point\calculate_point\Debug\vc100.idb
C:\USERS\DAVID\DOCUMENTS\VISUAL STUDIO 2010\PROJECTS\WPFAPPLICATION1\CALCULATE_POINT\CALCULATE_POINT\DEBUG\VC100.PDB
C:\USERS\DAVID\DOCUMENTS\VISUAL STUDIO 2010\PROJECTS\WPFAPPLICATION1\DEBUG\CALCULATE_POINT.DLL
C:\Users\David\documents\visual studio 2010\Projects\WpfApplication1\Debug\calculate_point.exp
C:\USERS\DAVID\DOCUMENTS\VISUAL STUDIO 2010\PROJECTS\WPFAPPLICATION1\DEBUG\CALCULATE_POINT.ILK
C:\Users\David\documents\visual studio 2010\Projects\WpfApplication1\Debug\calculate_point.lib
C:\USERS\DAVID\DOCUMENTS\VISUAL STUDIO 2010\PROJECTS\WPFAPPLICATION1\DEBUG\CALCULATE_POINT.PDB
