生成启动时间为 2012/3/23 4:37:47。
     1>项目“C:\Users\David\Documents\Visual Studio 2010\Projects\WpfApplication1\calculate_point\calculate_point\calculate_point.vcxproj”在节点 2 上(build 个目标)。
     1>InitializeBuildStatus:
         正在创建“Debug\calculate_point.unsuccessfulbuild”，因为已指定“AlwaysCreate”。
       ClCompile:
         e:\ProgramFile\Microsoft Visual Studio 10.0\VC\bin\CL.exe /c /ZI /nologo /W3 /WX- /Od /Oy- /D WIN32 /D _DEBUG /D _WINDOWS /D _USRDLL /D CALCULATE_POINT_EXPORTS /D _WINDLL /D _UNICODE /D UNICODE /Gm /EHsc /RTC1 /MDd /GS /fp:precise /Zc:wchar_t /Zc:forScope /Fo"Debug\\" /Fd"Debug\vc100.pdb" /Gd /TP /analyze- /errorReport:prompt main.cpp
         main.cpp
     1>c:\users\david\documents\visual studio 2010\projects\wpfapplication1\calculate_point\calculate_point\main.cpp(35): warning C4996: 'sprintf': This function or variable may be unsafe. Consider using sprintf_s instead. To disable deprecation, use _CRT_SECURE_NO_WARNINGS. See online help for details.
                 e:\programfile\microsoft visual studio 10.0\vc\include\stdio.h(371) : 参见“sprintf”的声明
     1>c:\users\david\documents\visual studio 2010\projects\wpfapplication1\calculate_point\calculate_point\main.cpp(62): warning C4996: 'sprintf': This function or variable may be unsafe. Consider using sprintf_s instead. To disable deprecation, use _CRT_SECURE_NO_WARNINGS. See online help for details.
                 e:\programfile\microsoft visual studio 10.0\vc\include\stdio.h(371) : 参见“sprintf”的声明
     1>c:\users\david\documents\visual studio 2010\projects\wpfapplication1\calculate_point\calculate_point\main.cpp(100): warning C4996: 'sprintf': This function or variable may be unsafe. Consider using sprintf_s instead. To disable deprecation, use _CRT_SECURE_NO_WARNINGS. See online help for details.
                 e:\programfile\microsoft visual studio 10.0\vc\include\stdio.h(371) : 参见“sprintf”的声明
     1>c:\users\david\documents\visual studio 2010\projects\wpfapplication1\calculate_point\calculate_point\main.cpp(124): warning C4996: 'sprintf': This function or variable may be unsafe. Consider using sprintf_s instead. To disable deprecation, use _CRT_SECURE_NO_WARNINGS. See online help for details.
                 e:\programfile\microsoft visual studio 10.0\vc\include\stdio.h(371) : 参见“sprintf”的声明
       ManifestResourceCompile:
         C:\Program Files\Microsoft SDKs\Windows\v7.0A\bin\rc.exe /nologo /fo"Debug\calculate_point.dll.embed.manifest.res" Debug\calculate_point_manifest.rc 
       Link:
         e:\ProgramFile\Microsoft Visual Studio 10.0\VC\bin\link.exe /ERRORREPORT:PROMPT /OUT:"C:\Users\David\documents\visual studio 2010\Projects\WpfApplication1\Debug\calculate_point.dll" /INCREMENTAL /NOLOGO kernel32.lib user32.lib gdi32.lib winspool.lib comdlg32.lib advapi32.lib shell32.lib ole32.lib oleaut32.lib uuid.lib odbc32.lib odbccp32.lib /MANIFEST /ManifestFile:"Debug\calculate_point.dll.intermediate.manifest" /MANIFESTUAC:"level='asInvoker' uiAccess='false'" /DEBUG /PDB:"C:\Users\David\documents\visual studio 2010\Projects\WpfApplication1\Debug\calculate_point.pdb" /SUBSYSTEM:WINDOWS /TLBID:1 /DYNAMICBASE /NXCOMPAT /IMPLIB:"C:\Users\David\documents\visual studio 2010\Projects\WpfApplication1\Debug\calculate_point.lib" /MACHINE:X86 /DLL Debug\calculate_point.dll.embed.manifest.res
         Debug\main.obj
            正在创建库 C:\Users\David\documents\visual studio 2010\Projects\WpfApplication1\Debug\calculate_point.lib 和对象 C:\Users\David\documents\visual studio 2010\Projects\WpfApplication1\Debug\calculate_point.exp
       Manifest:
         C:\Program Files\Microsoft SDKs\Windows\v7.0A\bin\mt.exe /nologo /verbose /out:"Debug\calculate_point.dll.embed.manifest" /manifest Debug\calculate_point.dll.intermediate.manifest
         C:\Program Files\Microsoft SDKs\Windows\v7.0A\bin\rc.exe /nologo /fo"Debug\calculate_point.dll.embed.manifest.res" Debug\calculate_point_manifest.rc 
       LinkEmbedManifest:
         e:\ProgramFile\Microsoft Visual Studio 10.0\VC\bin\link.exe /ERRORREPORT:PROMPT /OUT:"C:\Users\David\documents\visual studio 2010\Projects\WpfApplication1\Debug\calculate_point.dll" /INCREMENTAL /NOLOGO kernel32.lib user32.lib gdi32.lib winspool.lib comdlg32.lib advapi32.lib shell32.lib ole32.lib oleaut32.lib uuid.lib odbc32.lib odbccp32.lib /MANIFEST /ManifestFile:"Debug\calculate_point.dll.intermediate.manifest" /MANIFESTUAC:"level='asInvoker' uiAccess='false'" /DEBUG /PDB:"C:\Users\David\documents\visual studio 2010\Projects\WpfApplication1\Debug\calculate_point.pdb" /SUBSYSTEM:WINDOWS /TLBID:1 /DYNAMICBASE /NXCOMPAT /IMPLIB:"C:\Users\David\documents\visual studio 2010\Projects\WpfApplication1\Debug\calculate_point.lib" /MACHINE:X86 /DLL Debug\calculate_point.dll.embed.manifest.res
         Debug\main.obj
            正在创建库 C:\Users\David\documents\visual studio 2010\Projects\WpfApplication1\Debug\calculate_point.lib 和对象 C:\Users\David\documents\visual studio 2010\Projects\WpfApplication1\Debug\calculate_point.exp
         calculate_point.vcxproj -> C:\Users\David\documents\visual studio 2010\Projects\WpfApplication1\Debug\calculate_point.dll
       FinalizeBuildStatus:
         正在删除文件“Debug\calculate_point.unsuccessfulbuild”。
         正在对“Debug\calculate_point.lastbuildstate”执行 Touch 任务。
     1>已完成生成项目“C:\Users\David\Documents\Visual Studio 2010\Projects\WpfApplication1\calculate_point\calculate_point\calculate_point.vcxproj”(build 个目标)的操作。

生成成功。

已用时间 00:00:23.52
